<?xml version="1.0" encoding="UTF-8"?>
<!-- Generated by org.testng.reporters.JUnitReportReporter -->
<testsuite skipped="0" hostname="pc" name="com.pranicompany.app.Demo4_test" tests="2" failures="0" timestamp="2020-04-12T19:03:54 IST" time="0.005" errors="0">
  <testcase name="demo4_A" time="0.003" classname="com.pranicompany.app.Demo4_test"/>
  <system-out/>
  <testcase name="demo4_B" time="0.002" classname="com.pranicompany.app.Demo4_test"/>
  <system-out/>
</testsuite> <!-- com.pranicompany.app.Demo4_test -->
