<?xml version="1.0" encoding="UTF-8"?>
<!-- Generated by org.testng.reporters.JUnitReportReporter -->
<testsuite skipped="0" hostname="pc" name="com.pranicompany.test.Demo4_test" tests="2" failures="0" timestamp="2020-04-12T19:28:40 IST" time="27.326" errors="0">
  <testcase name="menu_Elements" time="11.934" classname="com.pranicompany.test.Demo4_test"/>
  <system-out/>
  <testcase name="Best_Sellers" time="15.392" classname="com.pranicompany.test.Demo4_test"/>
  <system-out/>
</testsuite> <!-- com.pranicompany.test.Demo4_test -->
