<?xml version="1.0" encoding="UTF-8"?>
<!-- Generated by org.testng.reporters.JUnitReportReporter -->
<testsuite skipped="0" hostname="pc" name="com.pranicompany.test.Demo1_test" tests="1" failures="0" timestamp="2020-04-12T19:28:40 IST" time="10.272" errors="0">
  <testcase name="menu_Elements" time="10.272" classname="com.pranicompany.test.Demo1_test"/>
  <system-out/>
</testsuite> <!-- com.pranicompany.test.Demo1_test -->
