<?xml version="1.0" encoding="UTF-8"?>
<!-- Generated by org.testng.reporters.JUnitReportReporter -->
<testsuite skipped="0" hostname="pc" name="com.pranicompany.test.Demo1_test" tests="1" failures="0" timestamp="2020-04-15T09:51:22 IST" time="88.711" errors="0">
  <testcase name="menu_Elements" time="88.711" classname="com.pranicompany.test.Demo1_test"/>
  <system-out/>
</testsuite> <!-- com.pranicompany.test.Demo1_test -->
