<?xml version="1.0" encoding="UTF-8"?>
<!-- Generated by org.testng.reporters.JUnitReportReporter -->
<testsuite skipped="0" hostname="pc" name="com.pranicompany.test.Demo3_test" tests="2" failures="0" timestamp="2020-04-15T09:49:27 IST" time="0.006" errors="0">
  <testcase name="demo3_A" time="0.005" classname="com.pranicompany.test.Demo3_test"/>
  <system-out/>
  <testcase name="demo3_B" time="0.001" classname="com.pranicompany.test.Demo3_test"/>
  <system-out/>
</testsuite> <!-- com.pranicompany.test.Demo3_test -->
